<?xml version="1.0" encoding="UTF-8"?>
<!-- Generated by org.testng.reporters.JUnitXMLReporter -->
<testsuite hostname="HPaf008ax" ignored="1" name="Default test" tests="1" failures="0" timestamp="2020-10-26T19:30:34 IST" time="21.544" errors="0">
  <testcase name="userRegister" time="4.649" classname="com.ecommerce.testCases.userRegistration"/>
  <testcase name="clickOnSignIn" time="0.0" classname="com.ecommerce.testCases.userRegistration">
    <ignored/>
  </testcase> <!-- clickOnSignIn -->
</testsuite> <!-- Default test -->
